<?xml version="1.0" encoding="UTF-8"?>
<testng-results ignored="0" total="2" passed="2" failed="0" skipped="0">
  <reporter-output>
  </reporter-output>
  <suite started-at="2025-04-19T11:01:31 GMT+03:00" name="Default suite" finished-at="2025-04-19T11:01:34 GMT+03:00" duration-ms="3179">
    <groups>
    </groups>
    <test started-at="2025-04-19T11:01:31 GMT+03:00" name="Default test" finished-at="2025-04-19T11:01:34 GMT+03:00" duration-ms="3179">
      <class name="FormProjectt.FormProjectt.AppTest">
        <test-method is-config="true" signature="MySetup()[pri:0, instance:FormProjectt.FormProjectt.AppTest@aafcffa]" started-at="2025-04-19T11:01:31 GMT+03:00" name="MySetup" finished-at="2025-04-19T11:01:32 GMT+03:00" duration-ms="934" status="PASS">
          <reporter-output>
          </reporter-output>
        </test-method> <!-- MySetup -->
        <test-method signature="ScrollTest()[pri:1, instance:FormProjectt.FormProjectt.AppTest@aafcffa]" started-at="2025-04-19T11:01:32 GMT+03:00" name="ScrollTest" finished-at="2025-04-19T11:01:33 GMT+03:00" duration-ms="1073" status="PASS">
          <reporter-output>
          </reporter-output>
        </test-method> <!-- ScrollTest -->
        <test-method signature="FillingInputFields()[pri:2, instance:FormProjectt.FormProjectt.AppTest@aafcffa]" started-at="2025-04-19T11:01:33 GMT+03:00" name="FillingInputFields" finished-at="2025-04-19T11:01:34 GMT+03:00" duration-ms="1042" status="PASS">
          <reporter-output>
          </reporter-output>
        </test-method> <!-- FillingInputFields -->
      </class> <!-- FormProjectt.FormProjectt.AppTest -->
    </test> <!-- Default test -->
  </suite> <!-- Default suite -->
</testng-results>
